[0m17:15:47.489798 [debug] [MainThread]: Sending event: {'category': 'dbt', 'action': 'invocation', 'label': 'start', 'context': [<snowplow_tracker.self_describing_json.SelfDescribingJson object at 0x000001BD36363D10>, <snowplow_tracker.self_describing_json.SelfDescribingJson object at 0x000001BD36363560>, <snowplow_tracker.self_describing_json.SelfDescribingJson object at 0x000001BD34830CE0>]}


============================== 17:15:47.537988 | defb222f-b4a5-4bed-adcc-1a952a326a6f ==============================
[0m17:15:47.537988 [info ] [MainThread]: Running with dbt=1.8.7
[0m17:15:47.537988 [debug] [MainThread]: running dbt with arguments {'printer_width': '80', 'indirect_selection': 'eager', 'log_cache_events': 'False', 'write_json': 'True', 'partial_parse': 'True', 'cache_selected_only': 'False', 'profiles_dir': 'C:\\Users\\roberto.ricci\\.dbt', 'fail_fast': 'False', 'version_check': 'True', 'log_path': 'logs', 'debug': 'False', 'warn_error': 'None', 'use_colors': 'True', 'use_experimental_parser': 'False', 'no_print': 'None', 'quiet': 'False', 'empty': 'None', 'log_format': 'default', 'invocation_command': 'dbt init', 'static_parser': 'True', 'warn_error_options': 'WarnErrorOptions(include=[], exclude=[])', 'target_path': 'None', 'introspect': 'True', 'send_anonymous_usage_stats': 'True'}
[0m17:15:48.022411 [warn ] [MainThread]: [ConfigFolderDirectory]: Unable to parse dict {'dir': WindowsPath('C:/Users/roberto.ricci/.dbt')}
[0m17:15:48.026426 [info ] [MainThread]: Creating dbt configuration folder at 
[0m17:18:22.584018 [debug] [MainThread]: Starter project path: C:\Projetos_pessoal\JornadadeDados\dbt\.venv\Lib\site-packages\dbt\include\starter_project
[0m17:18:22.620089 [info ] [MainThread]: 
Your new dbt project "dbt_jornada" was created!

For more information on how to configure the profiles.yml file,
please consult the dbt documentation here:

  https://docs.getdbt.com/docs/configure-your-profile

One more thing:

Need help? Don't hesitate to reach out to us via GitHub issues or on Slack:

  https://community.getdbt.com/

Happy modeling!

[0m17:18:22.620089 [info ] [MainThread]: Setting up your profile.
[0m17:19:51.688945 [info ] [MainThread]: Profile dbt_jornada written to C:\Users\roberto.ricci\.dbt\profiles.yml using target's profile_template.yml and your supplied values. Run 'dbt debug' to validate the connection.
[0m17:19:51.700020 [debug] [MainThread]: Command `dbt init` succeeded at 17:19:51.700020 after 244.42 seconds
[0m17:19:51.701860 [debug] [MainThread]: Sending event: {'category': 'dbt', 'action': 'invocation', 'label': 'end', 'context': [<snowplow_tracker.self_describing_json.SelfDescribingJson object at 0x000001BD361F91C0>, <snowplow_tracker.self_describing_json.SelfDescribingJson object at 0x000001BD362A79B0>, <snowplow_tracker.self_describing_json.SelfDescribingJson object at 0x000001BD34C69580>]}
[0m17:19:51.704049 [debug] [MainThread]: Flushing usage events
[0m17:20:48.120800 [debug] [MainThread]: Sending event: {'category': 'dbt', 'action': 'invocation', 'label': 'start', 'context': [<snowplow_tracker.self_describing_json.SelfDescribingJson object at 0x000001B28C394860>, <snowplow_tracker.self_describing_json.SelfDescribingJson object at 0x000001B28C633E30>, <snowplow_tracker.self_describing_json.SelfDescribingJson object at 0x000001B28AA9AC90>]}


============================== 17:20:48.124984 | 17823275-32aa-4c5d-b42e-c32c8ed2a808 ==============================
[0m17:20:48.124984 [info ] [MainThread]: Running with dbt=1.8.7
[0m17:20:48.125991 [debug] [MainThread]: running dbt with arguments {'printer_width': '80', 'indirect_selection': 'eager', 'log_cache_events': 'False', 'write_json': 'True', 'partial_parse': 'True', 'cache_selected_only': 'False', 'profiles_dir': 'C:\\Users\\roberto.ricci\\.dbt', 'version_check': 'True', 'debug': 'False', 'log_path': 'logs', 'warn_error': 'None', 'fail_fast': 'False', 'use_colors': 'True', 'use_experimental_parser': 'False', 'empty': 'None', 'quiet': 'False', 'no_print': 'None', 'log_format': 'default', 'introspect': 'True', 'invocation_command': 'dbt debug', 'static_parser': 'True', 'target_path': 'None', 'warn_error_options': 'WarnErrorOptions(include=[], exclude=[])', 'send_anonymous_usage_stats': 'True'}
[0m17:20:48.180634 [info ] [MainThread]: dbt version: 1.8.7
[0m17:20:48.182636 [info ] [MainThread]: python version: 3.12.1
[0m17:20:48.184636 [info ] [MainThread]: python path: C:\Projetos_pessoal\JornadadeDados\dbt\.venv\Scripts\python.exe
[0m17:20:48.185633 [info ] [MainThread]: os info: Windows-11-10.0.22631-SP0
[0m17:20:48.294331 [info ] [MainThread]: Using profiles dir at C:\Users\roberto.ricci\.dbt
[0m17:20:48.295166 [info ] [MainThread]: Using profiles.yml file at C:\Users\roberto.ricci\.dbt\profiles.yml
[0m17:20:48.296177 [info ] [MainThread]: Using dbt_project.yml file at C:\Projetos_pessoal\JornadadeDados\DBT\dbt_project.yml
[0m17:20:48.296177 [info ] [MainThread]: Configuration:
[0m17:20:48.298209 [info ] [MainThread]:   profiles.yml file [[31mERROR invalid[0m]
[0m17:20:48.299151 [info ] [MainThread]:   dbt_project.yml file [[31mERROR not found[0m]
[0m17:20:48.299151 [info ] [MainThread]: Required dependencies:
[0m17:20:48.300177 [debug] [MainThread]: Executing "git --help"
[0m17:20:48.362841 [debug] [MainThread]: STDOUT: "b"usage: git [-v | --version] [-h | --help] [-C <path>] [-c <name>=<value>]\n           [--exec-path[=<path>]] [--html-path] [--man-path] [--info-path]\n           [-p | --paginate | -P | --no-pager] [--no-replace-objects] [--bare]\n           [--git-dir=<path>] [--work-tree=<path>] [--namespace=<name>]\n           [--config-env=<name>=<envvar>] <command> [<args>]\n\nThese are common Git commands used in various situations:\n\nstart a working area (see also: git help tutorial)\n   clone     Clone a repository into a new directory\n   init      Create an empty Git repository or reinitialize an existing one\n\nwork on the current change (see also: git help everyday)\n   add       Add file contents to the index\n   mv        Move or rename a file, a directory, or a symlink\n   restore   Restore working tree files\n   rm        Remove files from the working tree and from the index\n\nexamine the history and state (see also: git help revisions)\n   bisect    Use binary search to find the commit that introduced a bug\n   diff      Show changes between commits, commit and working tree, etc\n   grep      Print lines matching a pattern\n   log       Show commit logs\n   show      Show various types of objects\n   status    Show the working tree status\n\ngrow, mark and tweak your common history\n   branch    List, create, or delete branches\n   commit    Record changes to the repository\n   merge     Join two or more development histories together\n   rebase    Reapply commits on top of another base tip\n   reset     Reset current HEAD to the specified state\n   switch    Switch branches\n   tag       Create, list, delete or verify a tag object signed with GPG\n\ncollaborate (see also: git help workflows)\n   fetch     Download objects and refs from another repository\n   pull      Fetch from and integrate with another repository or a local branch\n   push      Update remote refs along with associated objects\n\n'git help -a' and 'git help -g' list available subcommands and some\nconcept guides. See 'git help <command>' or 'git help <concept>'\nto read about a specific subcommand or concept.\nSee 'git help git' for an overview of the system.\n""
[0m17:20:48.363838 [debug] [MainThread]: STDERR: "b''"
[0m17:20:48.365193 [info ] [MainThread]:  - git [[32mOK found[0m]

[0m17:20:48.367818 [info ] [MainThread]: Connection test skipped since no profile was found
[0m17:20:48.368835 [info ] [MainThread]: [31m2 checks failed:[0m
[0m17:20:48.369845 [info ] [MainThread]: Could not load dbt_project.yml
Profile loading failed for the following reason:
Runtime Error
  Credentials in profile "dbt_jornada", target "dev" invalid: 'port' is a required property


[0m17:20:48.371842 [info ] [MainThread]: Project loading failed for the following reason:
 project path <C:\Projetos_pessoal\JornadadeDados\DBT\dbt_project.yml> not found

[0m17:20:48.372849 [debug] [MainThread]: Command `dbt debug` failed at 17:20:48.372849 after 0.45 seconds
[0m17:20:48.373850 [debug] [MainThread]: Sending event: {'category': 'dbt', 'action': 'invocation', 'label': 'end', 'context': [<snowplow_tracker.self_describing_json.SelfDescribingJson object at 0x000001B28CC65430>, <snowplow_tracker.self_describing_json.SelfDescribingJson object at 0x000001B28CE08110>, <snowplow_tracker.self_describing_json.SelfDescribingJson object at 0x000001B28CE0B560>]}
[0m17:20:48.373850 [debug] [MainThread]: Flushing usage events
[0m16:01:51.302741 [debug] [MainThread]: Sending event: {'category': 'dbt', 'action': 'invocation', 'label': 'start', 'context': [<snowplow_tracker.self_describing_json.SelfDescribingJson object at 0x000001DC29A24FE0>, <snowplow_tracker.self_describing_json.SelfDescribingJson object at 0x000001DC29668380>, <snowplow_tracker.self_describing_json.SelfDescribingJson object at 0x000001DC274D2A80>]}


============================== 16:01:51.313160 | 8e920810-a466-4e53-b635-d3f5acbfe2e1 ==============================
[0m16:01:51.313160 [info ] [MainThread]: Running with dbt=1.8.7
[0m16:01:51.316066 [debug] [MainThread]: running dbt with arguments {'printer_width': '80', 'indirect_selection': 'eager', 'write_json': 'True', 'log_cache_events': 'False', 'partial_parse': 'True', 'cache_selected_only': 'False', 'profiles_dir': 'C:\\Users\\roberto.ricci\\.dbt', 'debug': 'False', 'warn_error': 'None', 'log_path': 'logs', 'version_check': 'True', 'fail_fast': 'False', 'use_colors': 'True', 'use_experimental_parser': 'False', 'empty': 'None', 'quiet': 'False', 'no_print': 'None', 'log_format': 'default', 'invocation_command': 'dbt seed', 'warn_error_options': 'WarnErrorOptions(include=[], exclude=[])', 'introspect': 'True', 'target_path': 'None', 'static_parser': 'True', 'send_anonymous_usage_stats': 'True'}
[0m16:01:51.316956 [error] [MainThread]: Encountered an error:
Runtime Error
  No dbt_project.yml found at expected path C:\Projetos_pessoal\JornadadeDados\DBT\dbt_project.yml
  Verify that each entry within packages.yml (and their transitive dependencies) contains a file named dbt_project.yml
  
[0m16:01:51.319191 [debug] [MainThread]: Command `dbt seed` failed at 16:01:51.319191 after 0.21 seconds
[0m16:01:51.319191 [debug] [MainThread]: Sending event: {'category': 'dbt', 'action': 'invocation', 'label': 'end', 'context': [<snowplow_tracker.self_describing_json.SelfDescribingJson object at 0x000001DC29A24FE0>, <snowplow_tracker.self_describing_json.SelfDescribingJson object at 0x000001DC29E2E840>, <snowplow_tracker.self_describing_json.SelfDescribingJson object at 0x000001DC26924170>]}
[0m16:01:51.319191 [debug] [MainThread]: Flushing usage events
